2025-12-05 03:56:05 - sentiment_analysis - INFO - Loading configuration from config/config.yaml
2025-12-05 03:56:05 - sentiment_analysis - INFO - Configuration loaded sucessfully
2025-12-05 03:56:09 - sentiment_analysis - INFO - Loading production model from MLflow Registry.
2025-12-05 03:56:10 - sentiment_analysis - INFO - Found experiment with ID: 1
2025-12-05 03:56:10 - sentiment_analysis - INFO - Found Production version: <ModelVersion: aliases=[], creation_timestamp=1764850403729, current_stage='Production', deployment_job_state=None, description=None, last_updated_timestamp=1764850548298, metrics=None, model_id=None, name='sentiment_analysis_logistic_regression_model', params=None, run_id='1ce0608746314ff7a4619d97ebb414db', run_link=None, source='models:/m-2e502065283a418f95daa0c668c45867', status='READY', status_message=None, tags={}, user_id=None, version=1>
2025-12-05 03:56:10 - sentiment_analysis - INFO - Found 6 runs
2025-12-05 03:56:10 - sentiment_analysis - INFO - Run 1ce0608746314ff7a4619d97ebb414db score: 0.8887832116340431
2025-12-05 03:56:10 - sentiment_analysis - INFO - Run 7806c10d4b8a4897b8310f39df0d0aac score: 0.712953304289133
2025-12-05 03:56:10 - sentiment_analysis - INFO - Run 690f948af9454845bcc6cd1e346a5caa score: 0.6683745474627232
2025-12-05 03:56:10 - sentiment_analysis - INFO - Run 1e077f35e9b24e84bc77042524aade76 score: 0.45477695281340125
2025-12-05 03:56:10 - sentiment_analysis - INFO - Best run ID: 1ce0608746314ff7a4619d97ebb414db
2025-12-05 03:56:10 - sentiment_analysis - INFO - Trying to load model from last version
2025-12-05 03:56:10 - sentiment_analysis - ERROR - Error load model last version : No such file or directory: 'D:/Python/dibimbing/final_project/mlruns/1/models/m-2e502065283a418f95daa0c668c45867/artifacts/.'
2025-12-05 03:56:10 - sentiment_analysis - INFO - Trying to load model from Production
2025-12-05 03:56:10 - sentiment_analysis - ERROR - Error load model with production : No such file or directory: 'D:/Python/dibimbing/final_project/mlruns/1/models/m-2e502065283a418f95daa0c668c45867/artifacts/.'
2025-12-05 03:56:10 - sentiment_analysis - INFO - Trying to load model from local system
2025-12-05 03:56:10 - sentiment_analysis - ERROR - Error load model local system : Local path does not exist mlruns/1/models/run_id/artifacts
2025-12-05 03:56:10 - sentiment_analysis - ERROR - FATAL ERROR during startup: cannot access local variable 'model' where it is not associated with a value
2025-12-05 03:56:41 - sentiment_analysis - INFO - Loading configuration from config/config.yaml
2025-12-05 03:56:41 - sentiment_analysis - INFO - Configuration loaded sucessfully
2025-12-05 03:56:45 - sentiment_analysis - INFO - Loading production model from MLflow Registry.
2025-12-05 03:56:46 - sentiment_analysis - INFO - Found experiment with ID: 1
2025-12-05 03:56:46 - sentiment_analysis - INFO - Found Production version: <ModelVersion: aliases=[], creation_timestamp=1764850403729, current_stage='Production', deployment_job_state=None, description=None, last_updated_timestamp=1764850548298, metrics=None, model_id=None, name='sentiment_analysis_logistic_regression_model', params=None, run_id='1ce0608746314ff7a4619d97ebb414db', run_link=None, source='models:/m-2e502065283a418f95daa0c668c45867', status='READY', status_message=None, tags={}, user_id=None, version=1>
2025-12-05 03:56:46 - sentiment_analysis - INFO - Found 6 runs
2025-12-05 03:56:46 - sentiment_analysis - INFO - Run 1ce0608746314ff7a4619d97ebb414db score: 0.8887832116340431
2025-12-05 03:56:46 - sentiment_analysis - INFO - Run 7806c10d4b8a4897b8310f39df0d0aac score: 0.712953304289133
2025-12-05 03:56:46 - sentiment_analysis - INFO - Run 690f948af9454845bcc6cd1e346a5caa score: 0.6683745474627232
2025-12-05 03:56:46 - sentiment_analysis - INFO - Run 1e077f35e9b24e84bc77042524aade76 score: 0.45477695281340125
2025-12-05 03:56:46 - sentiment_analysis - INFO - Best run ID: 1ce0608746314ff7a4619d97ebb414db
2025-12-05 03:56:46 - sentiment_analysis - INFO - Trying to load model from last version
2025-12-05 03:56:46 - sentiment_analysis - ERROR - Error load model last version : No such file or directory: 'D:/Python/dibimbing/final_project/mlruns/1/models/m-2e502065283a418f95daa0c668c45867/artifacts/.'
2025-12-05 03:56:46 - sentiment_analysis - INFO - Trying to load model from Production
2025-12-05 03:56:46 - sentiment_analysis - ERROR - Error load model with production : No such file or directory: 'D:/Python/dibimbing/final_project/mlruns/1/models/m-2e502065283a418f95daa0c668c45867/artifacts/.'
2025-12-05 03:56:46 - sentiment_analysis - INFO - Trying to load model from local system
2025-12-05 03:56:46 - sentiment_analysis - ERROR - Error load model local system : Local path does not exist mlruns/1/models/1ce0608746314ff7a4619d97ebb414db/artifacts
2025-12-05 03:56:46 - sentiment_analysis - ERROR - FATAL ERROR during startup: cannot access local variable 'model' where it is not associated with a value
2025-12-05 03:59:13 - sentiment_analysis - INFO - Loading configuration from config/config.yaml
2025-12-05 03:59:13 - sentiment_analysis - INFO - Configuration loaded sucessfully
2025-12-05 03:59:18 - sentiment_analysis - INFO - Loading production model from MLflow Registry.
2025-12-05 03:59:17 - sentiment_analysis - INFO - Found experiment with ID: 1
2025-12-05 03:59:17 - sentiment_analysis - INFO - Found Production version: <ModelVersion: aliases=[], creation_timestamp=1764850403729, current_stage='Production', deployment_job_state=None, description=None, last_updated_timestamp=1764850548298, metrics=None, model_id=None, name='sentiment_analysis_logistic_regression_model', params=None, run_id='1ce0608746314ff7a4619d97ebb414db', run_link=None, source='models:/m-2e502065283a418f95daa0c668c45867', status='READY', status_message=None, tags={}, user_id=None, version=1>
2025-12-05 03:59:17 - sentiment_analysis - INFO - Found 6 runs
2025-12-05 03:59:17 - sentiment_analysis - INFO - Run 1ce0608746314ff7a4619d97ebb414db score: 0.8887832116340431
2025-12-05 03:59:17 - sentiment_analysis - INFO - Run 7806c10d4b8a4897b8310f39df0d0aac score: 0.712953304289133
2025-12-05 03:59:17 - sentiment_analysis - INFO - Run 690f948af9454845bcc6cd1e346a5caa score: 0.6683745474627232
2025-12-05 03:59:17 - sentiment_analysis - INFO - Run 1e077f35e9b24e84bc77042524aade76 score: 0.45477695281340125
2025-12-05 03:59:17 - sentiment_analysis - INFO - Best run ID: 1ce0608746314ff7a4619d97ebb414db
2025-12-05 03:59:17 - sentiment_analysis - INFO - Trying to load model from last version
2025-12-05 03:59:17 - sentiment_analysis - ERROR - Error load model last version : No such file or directory: 'D:/Python/dibimbing/final_project/mlruns/1/models/m-2e502065283a418f95daa0c668c45867/artifacts/.'
2025-12-05 03:59:17 - sentiment_analysis - INFO - Trying to load model from Production
2025-12-05 03:59:17 - sentiment_analysis - ERROR - Error load model with production : No such file or directory: 'D:/Python/dibimbing/final_project/mlruns/1/models/m-2e502065283a418f95daa0c668c45867/artifacts/.'
2025-12-05 03:59:17 - sentiment_analysis - INFO - Trying to load model from local system
2025-12-05 03:59:17 - sentiment_analysis - ERROR - Error load model local system : Local path does not exist mlruns/1/models/1ce0608746314ff7a4619d97ebb414db/artifacts
2025-12-05 03:59:17 - sentiment_analysis - ERROR - FATAL ERROR during startup: cannot access local variable 'model' where it is not associated with a value
2025-12-05 04:00:16 - sentiment_analysis - INFO - Loading configuration from config/config.yaml
2025-12-05 04:00:16 - sentiment_analysis - INFO - Configuration loaded sucessfully
2025-12-05 04:00:20 - sentiment_analysis - INFO - Loading production model from MLflow Registry.
2025-12-05 04:00:21 - sentiment_analysis - INFO - Found experiment with ID: 1
2025-12-05 04:00:21 - sentiment_analysis - INFO - Found Production version: <ModelVersion: aliases=[], creation_timestamp=1764850403729, current_stage='Production', deployment_job_state=None, description=None, last_updated_timestamp=1764850548298, metrics=None, model_id=None, name='sentiment_analysis_logistic_regression_model', params=None, run_id='1ce0608746314ff7a4619d97ebb414db', run_link=None, source='models:/m-2e502065283a418f95daa0c668c45867', status='READY', status_message=None, tags={}, user_id=None, version=1>
2025-12-05 04:00:21 - sentiment_analysis - INFO - Found 6 runs
2025-12-05 04:00:21 - sentiment_analysis - INFO - Run 1ce0608746314ff7a4619d97ebb414db score: 0.8887832116340431
2025-12-05 04:00:21 - sentiment_analysis - INFO - Run 7806c10d4b8a4897b8310f39df0d0aac score: 0.712953304289133
2025-12-05 04:00:21 - sentiment_analysis - INFO - Run 690f948af9454845bcc6cd1e346a5caa score: 0.6683745474627232
2025-12-05 04:00:21 - sentiment_analysis - INFO - Run 1e077f35e9b24e84bc77042524aade76 score: 0.45477695281340125
2025-12-05 04:00:21 - sentiment_analysis - INFO - Best run ID: 1ce0608746314ff7a4619d97ebb414db
2025-12-05 04:00:21 - sentiment_analysis - INFO - Trying to load model from last version
2025-12-05 04:00:21 - sentiment_analysis - ERROR - Error load model last version : No such file or directory: 'D:/Python/dibimbing/final_project/mlruns/1/models/m-2e502065283a418f95daa0c668c45867/artifacts/.'
2025-12-05 04:00:21 - sentiment_analysis - INFO - Trying to load model from Production
2025-12-05 04:00:21 - sentiment_analysis - ERROR - Error load model with production : No such file or directory: 'D:/Python/dibimbing/final_project/mlruns/1/models/m-2e502065283a418f95daa0c668c45867/artifacts/.'
2025-12-05 04:00:21 - sentiment_analysis - INFO - Trying to load model from local system
2025-12-05 04:00:21 - sentiment_analysis - ERROR - Error load model local system : Local path does not exist mlruns/1/models/1ce0608746314ff7a4619d97ebb414db/artifacts
2025-12-05 04:00:21 - sentiment_analysis - ERROR - FATAL ERROR during startup: cannot access local variable 'model' where it is not associated with a value
2025-12-05 04:00:51 - sentiment_analysis - INFO - Loading configuration from config/config.yaml
2025-12-05 04:00:51 - sentiment_analysis - INFO - Configuration loaded sucessfully
2025-12-05 04:00:55 - sentiment_analysis - INFO - Loading production model from MLflow Registry.
2025-12-05 04:00:56 - sentiment_analysis - INFO - Found experiment with ID: 1
2025-12-05 04:00:56 - sentiment_analysis - INFO - Found Production version: <ModelVersion: aliases=[], creation_timestamp=1764850403729, current_stage='Production', deployment_job_state=None, description=None, last_updated_timestamp=1764850548298, metrics=None, model_id=None, name='sentiment_analysis_logistic_regression_model', params=None, run_id='1ce0608746314ff7a4619d97ebb414db', run_link=None, source='models:/m-2e502065283a418f95daa0c668c45867', status='READY', status_message=None, tags={}, user_id=None, version=1>
2025-12-05 04:00:56 - sentiment_analysis - INFO - Found 6 runs
2025-12-05 04:00:56 - sentiment_analysis - INFO - Run 1ce0608746314ff7a4619d97ebb414db score: 0.8887832116340431
2025-12-05 04:00:56 - sentiment_analysis - INFO - Run 7806c10d4b8a4897b8310f39df0d0aac score: 0.712953304289133
2025-12-05 04:00:56 - sentiment_analysis - INFO - Run 690f948af9454845bcc6cd1e346a5caa score: 0.6683745474627232
2025-12-05 04:00:56 - sentiment_analysis - INFO - Run 1e077f35e9b24e84bc77042524aade76 score: 0.45477695281340125
2025-12-05 04:00:56 - sentiment_analysis - INFO - Best run ID: 1ce0608746314ff7a4619d97ebb414db
2025-12-05 04:00:56 - sentiment_analysis - INFO - Trying to load model from last version
2025-12-05 04:00:56 - sentiment_analysis - ERROR - Error load model last version : No such file or directory: 'D:/Python/dibimbing/final_project/mlruns/1/models/m-2e502065283a418f95daa0c668c45867/artifacts/.'
2025-12-05 04:00:56 - sentiment_analysis - INFO - Trying to load model from Production
2025-12-05 04:00:56 - sentiment_analysis - ERROR - Error load model with production : No such file or directory: 'D:/Python/dibimbing/final_project/mlruns/1/models/m-2e502065283a418f95daa0c668c45867/artifacts/.'
2025-12-05 04:00:56 - sentiment_analysis - INFO - Trying to load model from local system
2025-12-05 04:00:56 - sentiment_analysis - ERROR - Error load model local system : Local path does not exist mlruns/1/models/1ce0608746314ff7a4619d97ebb414db/artifacts
2025-12-05 04:00:56 - sentiment_analysis - ERROR - FATAL ERROR during startup: cannot access local variable 'model' where it is not associated with a value
2025-12-05 04:03:18 - sentiment_analysis - INFO - Loading configuration from config/config.yaml
2025-12-05 04:03:18 - sentiment_analysis - INFO - Configuration loaded sucessfully
2025-12-05 04:03:22 - sentiment_analysis - INFO - Loading production model from MLflow Registry.
2025-12-05 04:03:23 - sentiment_analysis - INFO - Found experiment with ID: 1
2025-12-05 04:03:23 - sentiment_analysis - INFO - Found Production version: <ModelVersion: aliases=[], creation_timestamp=1764850403729, current_stage='Production', deployment_job_state=None, description=None, last_updated_timestamp=1764850548298, metrics=None, model_id=None, name='sentiment_analysis_logistic_regression_model', params=None, run_id='1ce0608746314ff7a4619d97ebb414db', run_link=None, source='models:/m-2e502065283a418f95daa0c668c45867', status='READY', status_message=None, tags={}, user_id=None, version=1>
2025-12-05 04:03:23 - sentiment_analysis - INFO - Found 6 runs
2025-12-05 04:03:23 - sentiment_analysis - INFO - Run 1ce0608746314ff7a4619d97ebb414db score: 0.8887832116340431
2025-12-05 04:03:23 - sentiment_analysis - INFO - Run 7806c10d4b8a4897b8310f39df0d0aac score: 0.712953304289133
2025-12-05 04:03:23 - sentiment_analysis - INFO - Run 690f948af9454845bcc6cd1e346a5caa score: 0.6683745474627232
2025-12-05 04:03:23 - sentiment_analysis - INFO - Run 1e077f35e9b24e84bc77042524aade76 score: 0.45477695281340125
2025-12-05 04:03:23 - sentiment_analysis - INFO - Best run ID: 1ce0608746314ff7a4619d97ebb414db
2025-12-05 04:03:23 - sentiment_analysis - INFO - Trying to load model from last version
2025-12-05 04:03:23 - sentiment_analysis - ERROR - Error load model last version : No such file or directory: 'D:/Python/dibimbing/final_project/mlruns/1/models/m-2e502065283a418f95daa0c668c45867/artifacts/.'
2025-12-05 04:03:23 - sentiment_analysis - INFO - Trying to load model from Production
2025-12-05 04:03:23 - sentiment_analysis - ERROR - Error load model with production : No such file or directory: 'D:/Python/dibimbing/final_project/mlruns/1/models/m-2e502065283a418f95daa0c668c45867/artifacts/.'
2025-12-05 04:03:23 - sentiment_analysis - INFO - Trying to load model from local system
2025-12-05 04:03:23 - sentiment_analysis - ERROR - Error load model local system : Local path does not exist mlruns/1/models/1ce0608746314ff7a4619d97ebb414db/artifacts
2025-12-05 04:03:23 - sentiment_analysis - ERROR - FATAL ERROR during startup: cannot access local variable 'model' where it is not associated with a value
2025-12-05 04:03:25 - sentiment_analysis - INFO - Loading configuration from config/config.yaml
2025-12-05 04:03:25 - sentiment_analysis - INFO - Configuration loaded sucessfully
2025-12-05 04:03:29 - sentiment_analysis - INFO - Loading production model from MLflow Registry.
2025-12-05 04:03:30 - sentiment_analysis - INFO - Found experiment with ID: 1
2025-12-05 04:03:30 - sentiment_analysis - INFO - Found Production version: <ModelVersion: aliases=[], creation_timestamp=1764850403729, current_stage='Production', deployment_job_state=None, description=None, last_updated_timestamp=1764850548298, metrics=None, model_id=None, name='sentiment_analysis_logistic_regression_model', params=None, run_id='1ce0608746314ff7a4619d97ebb414db', run_link=None, source='models:/m-2e502065283a418f95daa0c668c45867', status='READY', status_message=None, tags={}, user_id=None, version=1>
2025-12-05 04:03:30 - sentiment_analysis - INFO - Found 6 runs
2025-12-05 04:03:30 - sentiment_analysis - INFO - Run 1ce0608746314ff7a4619d97ebb414db score: 0.8887832116340431
2025-12-05 04:03:30 - sentiment_analysis - INFO - Run 7806c10d4b8a4897b8310f39df0d0aac score: 0.712953304289133
2025-12-05 04:03:30 - sentiment_analysis - INFO - Run 690f948af9454845bcc6cd1e346a5caa score: 0.6683745474627232
2025-12-05 04:03:30 - sentiment_analysis - INFO - Run 1e077f35e9b24e84bc77042524aade76 score: 0.45477695281340125
2025-12-05 04:03:30 - sentiment_analysis - INFO - Best run ID: 1ce0608746314ff7a4619d97ebb414db
2025-12-05 04:03:30 - sentiment_analysis - INFO - Trying to load model from last version
2025-12-05 04:03:30 - sentiment_analysis - ERROR - Error load model last version : No such file or directory: 'D:/Python/dibimbing/final_project/mlruns/1/models/m-2e502065283a418f95daa0c668c45867/artifacts/.'
2025-12-05 04:03:30 - sentiment_analysis - INFO - Trying to load model from Production
2025-12-05 04:03:30 - sentiment_analysis - ERROR - Error load model with production : No such file or directory: 'D:/Python/dibimbing/final_project/mlruns/1/models/m-2e502065283a418f95daa0c668c45867/artifacts/.'
2025-12-05 04:03:30 - sentiment_analysis - INFO - Trying to load model from local system
2025-12-05 04:03:30 - sentiment_analysis - ERROR - Error load model local system : Local path does not exist mlruns/1/models/1ce0608746314ff7a4619d97ebb414db/artifacts
2025-12-05 04:03:30 - sentiment_analysis - ERROR - FATAL ERROR during startup: cannot access local variable 'model' where it is not associated with a value
2025-12-05 04:09:06 - sentiment_analysis - INFO - Loading configuration from config/config.yaml
2025-12-05 04:09:06 - sentiment_analysis - INFO - Configuration loaded sucessfully
2025-12-05 04:09:13 - sentiment_analysis - INFO - Loading production model from MLflow Registry.
2025-12-05 04:09:14 - sentiment_analysis - INFO - Found experiment with ID: 1
2025-12-05 04:09:14 - sentiment_analysis - INFO - Found Production version: <ModelVersion: aliases=[], creation_timestamp=1764850403729, current_stage='Production', deployment_job_state=None, description=None, last_updated_timestamp=1764850548298, metrics=None, model_id=None, name='sentiment_analysis_logistic_regression_model', params=None, run_id='1ce0608746314ff7a4619d97ebb414db', run_link=None, source='models:/m-2e502065283a418f95daa0c668c45867', status='READY', status_message=None, tags={}, user_id=None, version=1>
2025-12-05 04:09:14 - sentiment_analysis - INFO - Found 6 runs
2025-12-05 04:09:14 - sentiment_analysis - INFO - Run 1ce0608746314ff7a4619d97ebb414db score: 0.8887832116340431
2025-12-05 04:09:14 - sentiment_analysis - INFO - Run 7806c10d4b8a4897b8310f39df0d0aac score: 0.712953304289133
2025-12-05 04:09:14 - sentiment_analysis - INFO - Run 690f948af9454845bcc6cd1e346a5caa score: 0.6683745474627232
2025-12-05 04:09:14 - sentiment_analysis - INFO - Run 1e077f35e9b24e84bc77042524aade76 score: 0.45477695281340125
2025-12-05 04:09:14 - sentiment_analysis - INFO - Best run ID: 1ce0608746314ff7a4619d97ebb414db
2025-12-05 04:09:15 - sentiment_analysis - INFO - Trying to load model from last version
2025-12-05 04:09:14 - sentiment_analysis - ERROR - Error load model last version : No such file or directory: 'D:/Python/dibimbing/final_project/mlruns/1/models/m-2e502065283a418f95daa0c668c45867/artifacts/.'
2025-12-05 04:09:14 - sentiment_analysis - INFO - Trying to load model from Production
2025-12-05 04:09:14 - sentiment_analysis - ERROR - Error load model with production : No such file or directory: 'D:/Python/dibimbing/final_project/mlruns/1/models/m-2e502065283a418f95daa0c668c45867/artifacts/.'
2025-12-05 04:09:14 - sentiment_analysis - INFO - Trying to load model from local system
2025-12-05 04:09:14 - sentiment_analysis - ERROR - Error load model local system : Local path does not exist mlruns/1/models/1ce0608746314ff7a4619d97ebb414db/artifacts
2025-12-05 04:09:14 - sentiment_analysis - ERROR - FATAL ERROR during startup: cannot access local variable 'model' where it is not associated with a value
2025-12-05 04:16:38 - sentiment_analysis - INFO - Loading configuration from config/config.yaml
2025-12-05 04:16:38 - sentiment_analysis - INFO - Configuration loaded sucessfully
2025-12-05 04:16:42 - sentiment_analysis - INFO - Loading production model from MLflow Registry.
2025-12-05 04:16:43 - sentiment_analysis - INFO - Found experiment with ID: 1
2025-12-05 04:16:43 - sentiment_analysis - INFO - Found Production version: <ModelVersion: aliases=[], creation_timestamp=1764850403729, current_stage='Production', deployment_job_state=None, description=None, last_updated_timestamp=1764850548298, metrics=None, model_id=None, name='sentiment_analysis_logistic_regression_model', params=None, run_id='1ce0608746314ff7a4619d97ebb414db', run_link=None, source='models:/m-2e502065283a418f95daa0c668c45867', status='READY', status_message=None, tags={}, user_id=None, version=1>
2025-12-05 04:16:43 - sentiment_analysis - INFO - Found 6 runs
2025-12-05 04:16:43 - sentiment_analysis - INFO - Run 1ce0608746314ff7a4619d97ebb414db score: 0.8887832116340431
2025-12-05 04:16:43 - sentiment_analysis - INFO - Run 7806c10d4b8a4897b8310f39df0d0aac score: 0.712953304289133
2025-12-05 04:16:43 - sentiment_analysis - INFO - Run 690f948af9454845bcc6cd1e346a5caa score: 0.6683745474627232
2025-12-05 04:16:43 - sentiment_analysis - INFO - Run 1e077f35e9b24e84bc77042524aade76 score: 0.45477695281340125
2025-12-05 04:16:43 - sentiment_analysis - INFO - Best run ID: 1ce0608746314ff7a4619d97ebb414db
2025-12-05 04:16:43 - sentiment_analysis - INFO - Trying to load model from last version
2025-12-05 04:16:43 - sentiment_analysis - ERROR - Error load model last version : No such file or directory: 'D:/Python/dibimbing/final_project/mlruns/1/models/m-2e502065283a418f95daa0c668c45867/artifacts/.'
2025-12-05 04:16:43 - sentiment_analysis - INFO - Trying to load model from Production
2025-12-05 04:16:43 - sentiment_analysis - ERROR - Error load model with production : No such file or directory: 'D:/Python/dibimbing/final_project/mlruns/1/models/m-2e502065283a418f95daa0c668c45867/artifacts/.'
2025-12-05 04:16:43 - sentiment_analysis - INFO - Trying to load model from local system
2025-12-05 04:16:43 - sentiment_analysis - ERROR - Error load model local system : Local path does not exist mlruns/1/models/1ce0608746314ff7a4619d97ebb414db/artifacts
2025-12-05 04:16:43 - sentiment_analysis - ERROR - FATAL ERROR during startup: cannot access local variable 'model' where it is not associated with a value
2025-12-05 04:18:37 - sentiment_analysis - INFO - Loading configuration from config/config.yaml
2025-12-05 04:18:37 - sentiment_analysis - INFO - Configuration loaded sucessfully
2025-12-05 04:18:41 - sentiment_analysis - INFO - Loading production model from MLflow Registry.
2025-12-05 04:18:42 - sentiment_analysis - INFO - Found experiment with ID: 1
2025-12-05 04:18:42 - sentiment_analysis - INFO - Found Production version: <ModelVersion: aliases=[], creation_timestamp=1764850403729, current_stage='Production', deployment_job_state=None, description=None, last_updated_timestamp=1764850548298, metrics=None, model_id=None, name='sentiment_analysis_logistic_regression_model', params=None, run_id='1ce0608746314ff7a4619d97ebb414db', run_link=None, source='models:/m-2e502065283a418f95daa0c668c45867', status='READY', status_message=None, tags={}, user_id=None, version=1>
2025-12-05 04:18:42 - sentiment_analysis - INFO - Found 6 runs
2025-12-05 04:18:42 - sentiment_analysis - INFO - Run 1ce0608746314ff7a4619d97ebb414db score: 0.8887832116340431
2025-12-05 04:18:42 - sentiment_analysis - INFO - Run 7806c10d4b8a4897b8310f39df0d0aac score: 0.712953304289133
2025-12-05 04:18:42 - sentiment_analysis - INFO - Run 690f948af9454845bcc6cd1e346a5caa score: 0.6683745474627232
2025-12-05 04:18:42 - sentiment_analysis - INFO - Run 1e077f35e9b24e84bc77042524aade76 score: 0.45477695281340125
2025-12-05 04:18:42 - sentiment_analysis - INFO - Best run ID: 1ce0608746314ff7a4619d97ebb414db
2025-12-05 04:18:42 - sentiment_analysis - ERROR - FATAL ERROR during startup: strip expected at most 1 argument, got 2
2025-12-05 04:20:45 - sentiment_analysis - INFO - Loading configuration from config/config.yaml
2025-12-05 04:20:45 - sentiment_analysis - INFO - Configuration loaded sucessfully
2025-12-05 04:20:49 - sentiment_analysis - INFO - Loading production model from MLflow Registry.
2025-12-05 04:20:50 - sentiment_analysis - INFO - Found experiment with ID: 1
2025-12-05 04:20:50 - sentiment_analysis - INFO - Found Production version: <ModelVersion: aliases=[], creation_timestamp=1764850403729, current_stage='Production', deployment_job_state=None, description=None, last_updated_timestamp=1764850548298, metrics=None, model_id=None, name='sentiment_analysis_logistic_regression_model', params=None, run_id='1ce0608746314ff7a4619d97ebb414db', run_link=None, source='models:/m-2e502065283a418f95daa0c668c45867', status='READY', status_message=None, tags={}, user_id=None, version=1>
2025-12-05 04:20:50 - sentiment_analysis - INFO - Found 6 runs
2025-12-05 04:20:50 - sentiment_analysis - INFO - Run 1ce0608746314ff7a4619d97ebb414db score: 0.8887832116340431
2025-12-05 04:20:50 - sentiment_analysis - INFO - Run 7806c10d4b8a4897b8310f39df0d0aac score: 0.712953304289133
2025-12-05 04:20:50 - sentiment_analysis - INFO - Run 690f948af9454845bcc6cd1e346a5caa score: 0.6683745474627232
2025-12-05 04:20:50 - sentiment_analysis - INFO - Run 1e077f35e9b24e84bc77042524aade76 score: 0.45477695281340125
2025-12-05 04:20:50 - sentiment_analysis - INFO - Best run ID: 1ce0608746314ff7a4619d97ebb414db
2025-12-05 04:20:50 - sentiment_analysis - INFO - Trying to load model from last version
2025-12-05 04:20:50 - sentiment_analysis - ERROR - Error load model last version : Invalid uri `m-2e502065283a418f95daa0c668c45867` is passed. Maybe you meant 'models:/m-2e502065283a418f95daa0c668c45867'?
2025-12-05 04:20:50 - sentiment_analysis - INFO - Trying to load model from Production
2025-12-05 04:20:50 - sentiment_analysis - ERROR - Error load model with production : No such file or directory: 'D:/Python/dibimbing/final_project/mlruns/1/models/m-2e502065283a418f95daa0c668c45867/artifacts/.'
2025-12-05 04:20:50 - sentiment_analysis - INFO - Trying to load model from local system
2025-12-05 04:20:50 - sentiment_analysis - ERROR - Error load model local system : Local path does not exist mlruns/1/models/1ce0608746314ff7a4619d97ebb414db/artifacts
2025-12-05 04:20:50 - sentiment_analysis - ERROR - FATAL ERROR during startup: cannot access local variable 'model' where it is not associated with a value
2025-12-05 04:21:41 - sentiment_analysis - INFO - Loading configuration from config/config.yaml
2025-12-05 04:21:41 - sentiment_analysis - INFO - Configuration loaded sucessfully
2025-12-05 04:21:45 - sentiment_analysis - INFO - Loading production model from MLflow Registry.
2025-12-05 04:21:46 - sentiment_analysis - INFO - Found experiment with ID: 1
2025-12-05 04:21:46 - sentiment_analysis - INFO - Found Production version: <ModelVersion: aliases=[], creation_timestamp=1764850403729, current_stage='Production', deployment_job_state=None, description=None, last_updated_timestamp=1764850548298, metrics=None, model_id=None, name='sentiment_analysis_logistic_regression_model', params=None, run_id='1ce0608746314ff7a4619d97ebb414db', run_link=None, source='models:/m-2e502065283a418f95daa0c668c45867', status='READY', status_message=None, tags={}, user_id=None, version=1>
2025-12-05 04:21:46 - sentiment_analysis - INFO - Found 6 runs
2025-12-05 04:21:46 - sentiment_analysis - INFO - Run 1ce0608746314ff7a4619d97ebb414db score: 0.8887832116340431
2025-12-05 04:21:46 - sentiment_analysis - INFO - Run 7806c10d4b8a4897b8310f39df0d0aac score: 0.712953304289133
2025-12-05 04:21:46 - sentiment_analysis - INFO - Run 690f948af9454845bcc6cd1e346a5caa score: 0.6683745474627232
2025-12-05 04:21:46 - sentiment_analysis - INFO - Run 1e077f35e9b24e84bc77042524aade76 score: 0.45477695281340125
2025-12-05 04:21:46 - sentiment_analysis - INFO - Best run ID: 1ce0608746314ff7a4619d97ebb414db
2025-12-05 04:21:46 - sentiment_analysis - INFO - Trying to load model from last version
2025-12-05 04:21:46 - sentiment_analysis - ERROR - Error load model last version : No such file or directory: 'D:/Python/dibimbing/final_project/mlruns/1/models/m-2e502065283a418f95daa0c668c45867/artifacts/.'
2025-12-05 04:21:46 - sentiment_analysis - INFO - Trying to load model from Production
2025-12-05 04:21:46 - sentiment_analysis - ERROR - Error load model with production : No such file or directory: 'D:/Python/dibimbing/final_project/mlruns/1/models/m-2e502065283a418f95daa0c668c45867/artifacts/.'
2025-12-05 04:21:46 - sentiment_analysis - INFO - Trying to load model from local system
2025-12-05 04:21:51 - sentiment_analysis - INFO - Text Preprocessor initialized.
2025-12-05 04:21:51 - sentiment_analysis - INFO - Preprocessor loaded from: /app/models/preprocessing/preprocessor.joblib
2025-12-05 04:21:52 - sentiment_analysis - INFO - Preprocessor loaded from: /app/models/tfidf/tfidf_vectorizer.joblib
2025-12-05 04:21:52 - sentiment_analysis - INFO - Model (sentiment_analysis_logistic_regression_model and preprocessor loaded successfully
2025-12-05 04:22:40 - sentiment_analysis - INFO - Loading configuration from config/config.yaml
2025-12-05 04:22:40 - sentiment_analysis - INFO - Configuration loaded sucessfully
2025-12-05 04:22:45 - sentiment_analysis - INFO - Loading production model from MLflow Registry.
2025-12-05 04:22:46 - sentiment_analysis - INFO - Found experiment with ID: 1
2025-12-05 04:22:46 - sentiment_analysis - INFO - Found Production version: <ModelVersion: aliases=[], creation_timestamp=1764850403729, current_stage='Production', deployment_job_state=None, description=None, last_updated_timestamp=1764850548298, metrics=None, model_id=None, name='sentiment_analysis_logistic_regression_model', params=None, run_id='1ce0608746314ff7a4619d97ebb414db', run_link=None, source='models:/m-2e502065283a418f95daa0c668c45867', status='READY', status_message=None, tags={}, user_id=None, version=1>
2025-12-05 04:22:46 - sentiment_analysis - INFO - Found 6 runs
2025-12-05 04:22:46 - sentiment_analysis - INFO - Run 1ce0608746314ff7a4619d97ebb414db score: 0.8887832116340431
2025-12-05 04:22:46 - sentiment_analysis - INFO - Run 7806c10d4b8a4897b8310f39df0d0aac score: 0.712953304289133
2025-12-05 04:22:46 - sentiment_analysis - INFO - Run 690f948af9454845bcc6cd1e346a5caa score: 0.6683745474627232
2025-12-05 04:22:46 - sentiment_analysis - INFO - Run 1e077f35e9b24e84bc77042524aade76 score: 0.45477695281340125
2025-12-05 04:22:46 - sentiment_analysis - INFO - Best run ID: 1ce0608746314ff7a4619d97ebb414db
2025-12-05 04:22:46 - sentiment_analysis - INFO - Trying to load model from local system
2025-12-05 04:22:47 - sentiment_analysis - INFO - Text Preprocessor initialized.
2025-12-05 04:22:47 - sentiment_analysis - INFO - Preprocessor loaded from: /app/models/preprocessing/preprocessor.joblib
2025-12-05 04:22:47 - sentiment_analysis - INFO - Preprocessor loaded from: /app/models/tfidf/tfidf_vectorizer.joblib
2025-12-05 04:22:47 - sentiment_analysis - INFO - Model (sentiment_analysis_logistic_regression_model and preprocessor loaded successfully
2025-12-05 04:23:11 - sentiment_analysis - INFO - Loading configuration from config/config.yaml
2025-12-05 04:23:11 - sentiment_analysis - INFO - Configuration loaded sucessfully
2025-12-05 04:23:17 - sentiment_analysis - INFO - Loading production model from MLflow Registry.
2025-12-05 04:23:18 - sentiment_analysis - INFO - Found experiment with ID: 1
2025-12-05 04:23:18 - sentiment_analysis - INFO - Found Production version: <ModelVersion: aliases=[], creation_timestamp=1764850403729, current_stage='Production', deployment_job_state=None, description=None, last_updated_timestamp=1764850548298, metrics=None, model_id=None, name='sentiment_analysis_logistic_regression_model', params=None, run_id='1ce0608746314ff7a4619d97ebb414db', run_link=None, source='models:/m-2e502065283a418f95daa0c668c45867', status='READY', status_message=None, tags={}, user_id=None, version=1>
2025-12-05 04:23:18 - sentiment_analysis - INFO - Found 6 runs
2025-12-05 04:23:18 - sentiment_analysis - INFO - Run 1ce0608746314ff7a4619d97ebb414db score: 0.8887832116340431
2025-12-05 04:23:18 - sentiment_analysis - INFO - Run 7806c10d4b8a4897b8310f39df0d0aac score: 0.712953304289133
2025-12-05 04:23:18 - sentiment_analysis - INFO - Run 690f948af9454845bcc6cd1e346a5caa score: 0.6683745474627232
2025-12-05 04:23:18 - sentiment_analysis - INFO - Run 1e077f35e9b24e84bc77042524aade76 score: 0.45477695281340125
2025-12-05 04:23:18 - sentiment_analysis - INFO - Best run ID: 1ce0608746314ff7a4619d97ebb414db
2025-12-05 04:23:18 - sentiment_analysis - INFO - Trying to load model from local system
2025-12-05 04:23:18 - sentiment_analysis - ERROR - Error load model local system : name 'artifact_path_model' is not defined
2025-12-05 04:23:18 - sentiment_analysis - ERROR - FATAL ERROR during startup: cannot access local variable 'model' where it is not associated with a value
2025-12-05 11:23:55 - sentiment_analysis - INFO - Loading configuration from config\config.yaml
2025-12-05 11:23:55 - sentiment_analysis - INFO - Configuration loaded sucessfully
2025-12-05 11:24:03 - sentiment_analysis - INFO - Loading production model from MLflow Registry.
2025-12-05 11:24:05 - sentiment_analysis - INFO - Found experiment with ID: 1
2025-12-05 11:24:05 - sentiment_analysis - INFO - Found Production version: <ModelVersion: aliases=[], creation_timestamp=1764850403729, current_stage='Production', deployment_job_state=None, description=None, last_updated_timestamp=1764850548298, metrics=None, model_id=None, name='sentiment_analysis_logistic_regression_model', params=None, run_id='1ce0608746314ff7a4619d97ebb414db', run_link=None, source='models:/m-2e502065283a418f95daa0c668c45867', status='READY', status_message=None, tags={}, user_id=None, version=1>
2025-12-05 11:24:05 - sentiment_analysis - INFO - Found 6 runs
2025-12-05 11:24:05 - sentiment_analysis - INFO - Run 1ce0608746314ff7a4619d97ebb414db score: 0.8887832116340431
2025-12-05 11:24:05 - sentiment_analysis - INFO - Run 7806c10d4b8a4897b8310f39df0d0aac score: 0.712953304289133
2025-12-05 11:24:05 - sentiment_analysis - INFO - Run 690f948af9454845bcc6cd1e346a5caa score: 0.6683745474627232
2025-12-05 11:24:05 - sentiment_analysis - INFO - Run 1e077f35e9b24e84bc77042524aade76 score: 0.45477695281340125
2025-12-05 11:24:05 - sentiment_analysis - INFO - Best run ID: 1ce0608746314ff7a4619d97ebb414db
2025-12-05 11:24:05 - sentiment_analysis - INFO - Trying to load model from local system
2025-12-05 11:24:05 - sentiment_analysis - ERROR - Error load model local system : name 'artifact_path_model' is not defined
2025-12-05 11:24:05 - sentiment_analysis - ERROR - FATAL ERROR during startup: cannot access local variable 'model' where it is not associated with a value
2025-12-05 11:24:37 - sentiment_analysis - INFO - Loading configuration from config\config.yaml
2025-12-05 11:24:37 - sentiment_analysis - INFO - Configuration loaded sucessfully
2025-12-05 04:24:38 - sentiment_analysis - INFO - Loading configuration from config/config.yaml
2025-12-05 04:24:38 - sentiment_analysis - INFO - Configuration loaded sucessfully
2025-12-05 04:24:43 - sentiment_analysis - INFO - Loading production model from MLflow Registry.
2025-12-05 11:24:44 - sentiment_analysis - INFO - Loading production model from MLflow Registry.
2025-12-05 04:24:44 - sentiment_analysis - INFO - Found experiment with ID: 1
2025-12-05 04:24:44 - sentiment_analysis - INFO - Found Production version: <ModelVersion: aliases=[], creation_timestamp=1764850403729, current_stage='Production', deployment_job_state=None, description=None, last_updated_timestamp=1764850548298, metrics=None, model_id=None, name='sentiment_analysis_logistic_regression_model', params=None, run_id='1ce0608746314ff7a4619d97ebb414db', run_link=None, source='models:/m-2e502065283a418f95daa0c668c45867', status='READY', status_message=None, tags={}, user_id=None, version=1>
2025-12-05 04:24:44 - sentiment_analysis - INFO - Found 6 runs
2025-12-05 04:24:44 - sentiment_analysis - INFO - Run 1ce0608746314ff7a4619d97ebb414db score: 0.8887832116340431
2025-12-05 04:24:44 - sentiment_analysis - INFO - Run 7806c10d4b8a4897b8310f39df0d0aac score: 0.712953304289133
2025-12-05 04:24:44 - sentiment_analysis - INFO - Run 690f948af9454845bcc6cd1e346a5caa score: 0.6683745474627232
2025-12-05 04:24:44 - sentiment_analysis - INFO - Run 1e077f35e9b24e84bc77042524aade76 score: 0.45477695281340125
2025-12-05 04:24:44 - sentiment_analysis - INFO - Best run ID: 1ce0608746314ff7a4619d97ebb414db
2025-12-05 04:24:44 - sentiment_analysis - INFO - Trying to load model from local system
2025-12-05 04:24:45 - sentiment_analysis - INFO - Text Preprocessor initialized.
2025-12-05 04:24:45 - sentiment_analysis - INFO - Preprocessor loaded from: /app/models/preprocessing/preprocessor.joblib
2025-12-05 11:24:45 - sentiment_analysis - INFO - Found experiment with ID: 1
2025-12-05 11:24:45 - sentiment_analysis - INFO - Found Production version: <ModelVersion: aliases=[], creation_timestamp=1764850403729, current_stage='Production', deployment_job_state=None, description=None, last_updated_timestamp=1764850548298, metrics=None, model_id=None, name='sentiment_analysis_logistic_regression_model', params=None, run_id='1ce0608746314ff7a4619d97ebb414db', run_link=None, source='models:/m-2e502065283a418f95daa0c668c45867', status='READY', status_message=None, tags={}, user_id=None, version=1>
2025-12-05 11:24:45 - sentiment_analysis - INFO - Found 6 runs
2025-12-05 11:24:45 - sentiment_analysis - INFO - Run 1ce0608746314ff7a4619d97ebb414db score: 0.8887832116340431
2025-12-05 11:24:45 - sentiment_analysis - INFO - Run 7806c10d4b8a4897b8310f39df0d0aac score: 0.712953304289133
2025-12-05 11:24:45 - sentiment_analysis - INFO - Run 690f948af9454845bcc6cd1e346a5caa score: 0.6683745474627232
2025-12-05 11:24:45 - sentiment_analysis - INFO - Run 1e077f35e9b24e84bc77042524aade76 score: 0.45477695281340125
2025-12-05 11:24:45 - sentiment_analysis - INFO - Best run ID: 1ce0608746314ff7a4619d97ebb414db
2025-12-05 11:24:45 - sentiment_analysis - INFO - Trying to load model from local system
2025-12-05 04:24:45 - sentiment_analysis - INFO - Preprocessor loaded from: /app/models/tfidf/tfidf_vectorizer.joblib
2025-12-05 04:24:45 - sentiment_analysis - INFO - Model (sentiment_analysis_logistic_regression_model and preprocessor loaded successfully
2025-12-05 11:24:49 - sentiment_analysis - INFO - Text Preprocessor initialized.
2025-12-05 11:24:49 - sentiment_analysis - INFO - Preprocessor loaded from: D:\Python\dibimbing\final_project\models\preprocessing\preprocessor.joblib
2025-12-05 11:24:50 - sentiment_analysis - INFO - Preprocessor loaded from: D:\Python\dibimbing\final_project\models\tfidf\tfidf_vectorizer.joblib
2025-12-05 11:24:50 - sentiment_analysis - INFO - Model (sentiment_analysis_logistic_regression_model and preprocessor loaded successfully
2025-12-05 04:25:04 - sentiment_analysis - INFO - Loading configuration from config/config.yaml
2025-12-05 04:25:04 - sentiment_analysis - INFO - Configuration loaded sucessfully
2025-12-05 11:25:07 - sentiment_analysis - INFO - Loading configuration from config\config.yaml
2025-12-05 11:25:07 - sentiment_analysis - INFO - Configuration loaded sucessfully
2025-12-05 04:25:09 - sentiment_analysis - INFO - Loading production model from MLflow Registry.
2025-12-05 04:25:10 - sentiment_analysis - INFO - Found experiment with ID: 1
2025-12-05 04:25:10 - sentiment_analysis - INFO - Found Production version: <ModelVersion: aliases=[], creation_timestamp=1764850403729, current_stage='Production', deployment_job_state=None, description=None, last_updated_timestamp=1764850548298, metrics=None, model_id=None, name='sentiment_analysis_logistic_regression_model', params=None, run_id='1ce0608746314ff7a4619d97ebb414db', run_link=None, source='models:/m-2e502065283a418f95daa0c668c45867', status='READY', status_message=None, tags={}, user_id=None, version=1>
2025-12-05 04:25:10 - sentiment_analysis - INFO - Found 6 runs
2025-12-05 04:25:10 - sentiment_analysis - INFO - Run 1ce0608746314ff7a4619d97ebb414db score: 0.8887832116340431
2025-12-05 04:25:10 - sentiment_analysis - INFO - Run 7806c10d4b8a4897b8310f39df0d0aac score: 0.712953304289133
2025-12-05 04:25:10 - sentiment_analysis - INFO - Run 690f948af9454845bcc6cd1e346a5caa score: 0.6683745474627232
2025-12-05 04:25:10 - sentiment_analysis - INFO - Run 1e077f35e9b24e84bc77042524aade76 score: 0.45477695281340125
2025-12-05 04:25:10 - sentiment_analysis - INFO - Best run ID: 1ce0608746314ff7a4619d97ebb414db
2025-12-05 04:25:10 - sentiment_analysis - INFO - Trying to load model from local system
2025-12-05 04:25:11 - sentiment_analysis - INFO - Text Preprocessor initialized.
2025-12-05 04:25:11 - sentiment_analysis - INFO - Preprocessor loaded from: /app/models/preprocessing/preprocessor.joblib
2025-12-05 04:25:11 - sentiment_analysis - INFO - Preprocessor loaded from: /app/models/tfidf/tfidf_vectorizer.joblib
2025-12-05 04:25:11 - sentiment_analysis - INFO - Model (sentiment_analysis_logistic_regression_model and preprocessor loaded successfully
2025-12-05 11:25:13 - sentiment_analysis - INFO - Loading production model from MLflow Registry.
2025-12-05 11:25:14 - sentiment_analysis - INFO - Found experiment with ID: 1
2025-12-05 11:25:14 - sentiment_analysis - INFO - Found Production version: <ModelVersion: aliases=[], creation_timestamp=1764850403729, current_stage='Production', deployment_job_state=None, description=None, last_updated_timestamp=1764850548298, metrics=None, model_id=None, name='sentiment_analysis_logistic_regression_model', params=None, run_id='1ce0608746314ff7a4619d97ebb414db', run_link=None, source='models:/m-2e502065283a418f95daa0c668c45867', status='READY', status_message=None, tags={}, user_id=None, version=1>
2025-12-05 11:25:14 - sentiment_analysis - INFO - Found 6 runs
2025-12-05 11:25:14 - sentiment_analysis - INFO - Run 1ce0608746314ff7a4619d97ebb414db score: 0.8887832116340431
2025-12-05 11:25:14 - sentiment_analysis - INFO - Run 7806c10d4b8a4897b8310f39df0d0aac score: 0.712953304289133
2025-12-05 11:25:14 - sentiment_analysis - INFO - Run 690f948af9454845bcc6cd1e346a5caa score: 0.6683745474627232
2025-12-05 11:25:14 - sentiment_analysis - INFO - Run 1e077f35e9b24e84bc77042524aade76 score: 0.45477695281340125
2025-12-05 11:25:14 - sentiment_analysis - INFO - Best run ID: 1ce0608746314ff7a4619d97ebb414db
2025-12-05 11:25:14 - sentiment_analysis - INFO - Trying to load model from local system
2025-12-05 11:25:17 - sentiment_analysis - INFO - Text Preprocessor initialized.
2025-12-05 11:25:17 - sentiment_analysis - INFO - Preprocessor loaded from: D:\Python\dibimbing\final_project\models\preprocessing\preprocessor.joblib
2025-12-05 11:25:18 - sentiment_analysis - INFO - Preprocessor loaded from: D:\Python\dibimbing\final_project\models\tfidf\tfidf_vectorizer.joblib
2025-12-05 11:25:18 - sentiment_analysis - INFO - Model (sentiment_analysis_logistic_regression_model and preprocessor loaded successfully
2025-12-05 11:27:03 - sentiment_analysis - INFO - Loading configuration from config\config.yaml
2025-12-05 11:27:03 - sentiment_analysis - INFO - Configuration loaded sucessfully
2025-12-05 04:27:12 - sentiment_analysis - INFO - Starting preprocessing...
2025-12-05 04:27:12 - sentiment_analysis - INFO - Dropped NaN and duplicate rows.
2025-12-05 04:27:12 - sentiment_analysis - INFO - Preprocessing completed successfully.
2025-12-05 04:27:36 - sentiment_analysis - INFO - Starting preprocessing...
2025-12-05 04:27:36 - sentiment_analysis - INFO - Dropped NaN and duplicate rows.
2025-12-05 04:27:36 - sentiment_analysis - INFO - Preprocessing completed successfully.
2025-12-05 04:28:03 - sentiment_analysis - INFO - Starting preprocessing...
2025-12-05 04:28:03 - sentiment_analysis - INFO - Dropped NaN and duplicate rows.
2025-12-05 04:28:03 - sentiment_analysis - INFO - Preprocessing completed successfully.
2025-12-05 04:28:09 - sentiment_analysis - INFO - Starting preprocessing...
2025-12-05 04:28:09 - sentiment_analysis - INFO - Dropped NaN and duplicate rows.
2025-12-05 04:28:09 - sentiment_analysis - INFO - Preprocessing completed successfully.
2025-12-05 04:28:21 - sentiment_analysis - INFO - Starting preprocessing...
2025-12-05 04:28:21 - sentiment_analysis - INFO - Dropped NaN and duplicate rows.
2025-12-05 04:28:21 - sentiment_analysis - INFO - Preprocessing completed successfully.
2025-12-05 04:28:37 - sentiment_analysis - INFO - Starting preprocessing...
2025-12-05 04:28:37 - sentiment_analysis - INFO - Dropped NaN and duplicate rows.
2025-12-05 04:28:37 - sentiment_analysis - INFO - Preprocessing completed successfully.
2025-12-05 04:28:56 - sentiment_analysis - INFO - Starting preprocessing...
2025-12-05 04:28:56 - sentiment_analysis - INFO - Dropped NaN and duplicate rows.
2025-12-05 04:28:56 - sentiment_analysis - INFO - Preprocessing completed successfully.
2025-12-05 04:29:25 - sentiment_analysis - INFO - Starting preprocessing...
2025-12-05 04:29:25 - sentiment_analysis - INFO - Dropped NaN and duplicate rows.
2025-12-05 04:29:25 - sentiment_analysis - INFO - Preprocessing completed successfully.
2025-12-05 04:30:10 - sentiment_analysis - INFO - Starting preprocessing...
2025-12-05 04:30:10 - sentiment_analysis - INFO - Dropped NaN and duplicate rows.
2025-12-05 04:30:10 - sentiment_analysis - INFO - Preprocessing completed successfully.
2025-12-05 04:30:58 - sentiment_analysis - INFO - Loading configuration from config/config.yaml
2025-12-05 04:30:58 - sentiment_analysis - INFO - Configuration loaded sucessfully
2025-12-05 04:31:02 - sentiment_analysis - INFO - Loading production model from MLflow Registry.
2025-12-05 04:31:02 - sentiment_analysis - INFO - Found experiment with ID: 1
2025-12-05 04:31:03 - sentiment_analysis - INFO - Found Production version: <ModelVersion: aliases=[], creation_timestamp=1764850403729, current_stage='Production', deployment_job_state=None, description=None, last_updated_timestamp=1764850548298, metrics=None, model_id=None, name='sentiment_analysis_logistic_regression_model', params=None, run_id='1ce0608746314ff7a4619d97ebb414db', run_link=None, source='models:/m-2e502065283a418f95daa0c668c45867', status='READY', status_message=None, tags={}, user_id=None, version=1>
2025-12-05 04:31:03 - sentiment_analysis - INFO - Found 6 runs
2025-12-05 04:31:03 - sentiment_analysis - INFO - Run 1ce0608746314ff7a4619d97ebb414db score: 0.8887832116340431
2025-12-05 04:31:03 - sentiment_analysis - INFO - Run 7806c10d4b8a4897b8310f39df0d0aac score: 0.712953304289133
2025-12-05 04:31:03 - sentiment_analysis - INFO - Run 690f948af9454845bcc6cd1e346a5caa score: 0.6683745474627232
2025-12-05 04:31:03 - sentiment_analysis - INFO - Run 1e077f35e9b24e84bc77042524aade76 score: 0.45477695281340125
2025-12-05 04:31:03 - sentiment_analysis - INFO - Best run ID: 1ce0608746314ff7a4619d97ebb414db
2025-12-05 04:31:03 - sentiment_analysis - INFO - Trying to load model from local system
2025-12-05 11:31:04 - sentiment_analysis - INFO - Loading configuration from config\config.yaml
2025-12-05 11:31:04 - sentiment_analysis - INFO - Loading configuration from config\config.yaml
2025-12-05 11:31:04 - sentiment_analysis - INFO - Configuration loaded sucessfully
2025-12-05 11:31:04 - sentiment_analysis - INFO - Configuration loaded sucessfully
2025-12-05 04:31:04 - sentiment_analysis - INFO - Text Preprocessor initialized.
2025-12-05 04:31:04 - sentiment_analysis - INFO - Preprocessor loaded from: /app/models/preprocessing/preprocessor.joblib
2025-12-05 04:31:04 - sentiment_analysis - INFO - Preprocessor loaded from: /app/models/tfidf/tfidf_vectorizer.joblib
2025-12-05 04:31:04 - sentiment_analysis - INFO - Model (sentiment_analysis_logistic_regression_model and preprocessor loaded successfully
2025-12-05 04:31:06 - sentiment_analysis - INFO - Loading configuration from config/config.yaml
2025-12-05 04:31:06 - sentiment_analysis - INFO - Configuration loaded sucessfully
2025-12-05 04:31:10 - sentiment_analysis - INFO - Loading production model from MLflow Registry.
2025-12-05 04:31:11 - sentiment_analysis - INFO - Found experiment with ID: 1
2025-12-05 04:31:11 - sentiment_analysis - INFO - Found Production version: <ModelVersion: aliases=[], creation_timestamp=1764850403729, current_stage='Production', deployment_job_state=None, description=None, last_updated_timestamp=1764850548298, metrics=None, model_id=None, name='sentiment_analysis_logistic_regression_model', params=None, run_id='1ce0608746314ff7a4619d97ebb414db', run_link=None, source='models:/m-2e502065283a418f95daa0c668c45867', status='READY', status_message=None, tags={}, user_id=None, version=1>
2025-12-05 04:31:11 - sentiment_analysis - INFO - Found 6 runs
2025-12-05 04:31:11 - sentiment_analysis - INFO - Run 1ce0608746314ff7a4619d97ebb414db score: 0.8887832116340431
2025-12-05 04:31:11 - sentiment_analysis - INFO - Run 7806c10d4b8a4897b8310f39df0d0aac score: 0.712953304289133
2025-12-05 04:31:11 - sentiment_analysis - INFO - Run 690f948af9454845bcc6cd1e346a5caa score: 0.6683745474627232
2025-12-05 04:31:11 - sentiment_analysis - INFO - Run 1e077f35e9b24e84bc77042524aade76 score: 0.45477695281340125
2025-12-05 04:31:11 - sentiment_analysis - INFO - Best run ID: 1ce0608746314ff7a4619d97ebb414db
2025-12-05 04:31:11 - sentiment_analysis - INFO - Trying to load model from local system
2025-12-05 04:31:12 - sentiment_analysis - INFO - Text Preprocessor initialized.
2025-12-05 04:31:12 - sentiment_analysis - INFO - Preprocessor loaded from: /app/models/preprocessing/preprocessor.joblib
2025-12-05 04:31:12 - sentiment_analysis - INFO - Preprocessor loaded from: /app/models/tfidf/tfidf_vectorizer.joblib
2025-12-05 04:31:12 - sentiment_analysis - INFO - Model (sentiment_analysis_logistic_regression_model and preprocessor loaded successfully
